<?xml version="1.0" encoding="UTF-8"?>
<!-- Generated by org.testng.reporters.JUnitXMLReporter -->
<testsuite ignored="0" hostname="NSWSYDNLP206" failures="1" tests="1" name="Login Test" time="9.098" errors="0" timestamp="12 Jun. 2019 01:18:59 GMT">
  <testcase classname="com.liveproj.testcases.LoginTest" name="loginTest" time="2.981">
    <failure type="java.lang.AssertionError" message="LoginTest Failed">
      <![CDATA[java.lang.AssertionError: LoginTest Failed
at com.liveproj.testcases.LoginTest.loginTest(LoginTest.java:21)
... Removed 26 stack frames]]>
    </failure>
  </testcase> <!-- loginTest -->
</testsuite> <!-- Login Test -->
