<?xml version="1.0" encoding="UTF-8"?>
<testng-results ignored="0" total="3" passed="3" failed="0" skipped="0">
  <reporter-output>
    <line>
      <![CDATA[Wed_Jun_12_13_31_49_AEST_2019.jpg]]>
    </line>
    <line>
      <![CDATA[<a href=Wed_Jun_12_13_31_49_AEST_2019.jpg>Screenshot</a>]]>
    </line>
    <line>
      <![CDATA[<br>]]>
    </line>
    <line>
      <![CDATA[<a target="_blank" href=Wed_Jun_12_13_31_49_AEST_2019.jpg><img src=Wed_Jun_12_13_31_49_AEST_2019.jpg height=200 width=200></img></a>]]>
    </line>
    <line>
      <![CDATA[Wed_Jun_12_13_32_10_AEST_2019.jpg]]>
    </line>
    <line>
      <![CDATA[<a href=Wed_Jun_12_13_32_10_AEST_2019.jpg>Screenshot</a>]]>
    </line>
    <line>
      <![CDATA[<br>]]>
    </line>
    <line>
      <![CDATA[<a target="_blank" href=Wed_Jun_12_13_32_10_AEST_2019.jpg><img src=Wed_Jun_12_13_32_10_AEST_2019.jpg height=200 width=200></img></a>]]>
    </line>
    <line>
      <![CDATA[clicked on Profile]]>
    </line>
    <line>
      <![CDATA[Wed_Jun_12_13_32_17_AEST_2019.jpg]]>
    </line>
    <line>
      <![CDATA[<a href=Wed_Jun_12_13_32_17_AEST_2019.jpg>Screenshot</a>]]>
    </line>
    <line>
      <![CDATA[<br>]]>
    </line>
    <line>
      <![CDATA[<a target="_blank" href=Wed_Jun_12_13_32_17_AEST_2019.jpg><img src=Wed_Jun_12_13_32_17_AEST_2019.jpg height=200 width=200></img></a>]]>
    </line>
  </reporter-output>
  <suite started-at="2019-06-12T03:31:44Z" name="Page Object Model" finished-at="2019-06-12T03:32:20Z" duration-ms="35922">
    <groups>
    </groups>
    <test started-at="2019-06-12T03:31:44Z" name="Login Test" finished-at="2019-06-12T03:31:53Z" duration-ms="8401">
      <class name="com.liveproj.testcases.LoginTest">
        <test-method signature="loginTest(java.util.Hashtable)[pri:0, instance:com.liveproj.testcases.LoginTest@5fb7183b]" started-at="2019-06-12T03:31:44Z" name="loginTest" data-provider="dp" finished-at="2019-06-12T03:31:47Z" duration-ms="3054" status="PASS">
          <params>
            <param index="0">
              <value>
                <![CDATA[{password=96gqee2022, runmode=Y, username=reportrecipient2019@gmail.com}]]>
              </value>
            </param>
          </params>
          <reporter-output>
            <line>
              <![CDATA[Wed_Jun_12_13_31_49_AEST_2019.jpg]]>
            </line>
            <line>
              <![CDATA[<a href=Wed_Jun_12_13_31_49_AEST_2019.jpg>Screenshot</a>]]>
            </line>
            <line>
              <![CDATA[<br>]]>
            </line>
            <line>
              <![CDATA[<a target="_blank" href=Wed_Jun_12_13_31_49_AEST_2019.jpg><img src=Wed_Jun_12_13_31_49_AEST_2019.jpg height=200 width=200></img></a>]]>
            </line>
          </reporter-output>
        </test-method> <!-- loginTest -->
      </class> <!-- com.liveproj.testcases.LoginTest -->
    </test> <!-- Login Test -->
    <test started-at="2019-06-12T03:31:53Z" name="Create Account Test" finished-at="2019-06-12T03:32:13Z" duration-ms="19909">
      <class name="com.liveproj.testcases.CreateAccountTest">
        <test-method signature="createAccountTest(java.util.Hashtable)[pri:0, instance:com.liveproj.testcases.CreateAccountTest@17271176]" started-at="2019-06-12T03:31:53Z" name="createAccountTest" data-provider="dp" finished-at="2019-06-12T03:32:09Z" duration-ms="16273" status="PASS">
          <params>
            <param index="0">
              <value>
                <![CDATA[{accountname=selenium, runmode=Y}]]>
              </value>
            </param>
          </params>
          <reporter-output>
            <line>
              <![CDATA[Wed_Jun_12_13_32_10_AEST_2019.jpg]]>
            </line>
            <line>
              <![CDATA[<a href=Wed_Jun_12_13_32_10_AEST_2019.jpg>Screenshot</a>]]>
            </line>
            <line>
              <![CDATA[<br>]]>
            </line>
            <line>
              <![CDATA[<a target="_blank" href=Wed_Jun_12_13_32_10_AEST_2019.jpg><img src=Wed_Jun_12_13_32_10_AEST_2019.jpg height=200 width=200></img></a>]]>
            </line>
          </reporter-output>
        </test-method> <!-- createAccountTest -->
      </class> <!-- com.liveproj.testcases.CreateAccountTest -->
    </test> <!-- Create Account Test -->
    <test started-at="2019-06-12T03:32:13Z" name="Logout Test" finished-at="2019-06-12T03:32:20Z" duration-ms="7555">
      <class name="com.liveproj.testcases.LogoutTest">
        <test-method signature="logoutTest()[pri:0, instance:com.liveproj.testcases.LogoutTest@6fc3e1a4]" started-at="2019-06-12T03:32:13Z" name="logoutTest" finished-at="2019-06-12T03:32:17Z" duration-ms="4007" status="PASS">
          <reporter-output>
            <line>
              <![CDATA[clicked on Profile]]>
            </line>
            <line>
              <![CDATA[Wed_Jun_12_13_32_17_AEST_2019.jpg]]>
            </line>
            <line>
              <![CDATA[<a href=Wed_Jun_12_13_32_17_AEST_2019.jpg>Screenshot</a>]]>
            </line>
            <line>
              <![CDATA[<br>]]>
            </line>
            <line>
              <![CDATA[<a target="_blank" href=Wed_Jun_12_13_32_17_AEST_2019.jpg><img src=Wed_Jun_12_13_32_17_AEST_2019.jpg height=200 width=200></img></a>]]>
            </line>
          </reporter-output>
        </test-method> <!-- logoutTest -->
      </class> <!-- com.liveproj.testcases.LogoutTest -->
    </test> <!-- Logout Test -->
  </suite> <!-- Page Object Model -->
</testng-results>
