<?xml version="1.0" encoding="UTF-8"?>
<testng-results ignored="0" total="1" passed="1" failed="0" skipped="0">
  <reporter-output>
    <line>
      <![CDATA[Wed_Jun_05_10_49_35_AEST_2019.jpg]]>
    </line>
    <line>
      <![CDATA[<a href=Wed_Jun_05_10_49_35_AEST_2019.jpg>Screenshot</a>]]>
    </line>
    <line>
      <![CDATA[<br>]]>
    </line>
    <line>
      <![CDATA[<a target="_blank" href=Wed_Jun_05_10_49_35_AEST_2019.jpg><img src=Wed_Jun_05_10_49_35_AEST_2019.jpg height=200 width=200></img></a>]]>
    </line>
  </reporter-output>
  <suite started-at="2019-06-05T00:49:25Z" name="Page Object Model" finished-at="2019-06-05T00:49:38Z" duration-ms="12581">
    <groups>
    </groups>
    <test started-at="2019-06-05T00:49:25Z" name="SignUp Test" finished-at="2019-06-05T00:49:38Z" duration-ms="12581">
      <class name="com.liveproj.testcases.SignUpTest">
        <test-method signature="signUpTest(java.util.Hashtable)[pri:0, instance:com.liveproj.testcases.SignUpTest@6d7cada5]" started-at="2019-06-05T00:49:26Z" name="signUpTest" data-provider="dp" finished-at="2019-06-05T00:49:34Z" duration-ms="8588" status="PASS">
          <params>
            <param index="0">
              <value>
                <![CDATA[{signuppassword=asdfgdfg9812, runmode=Y, signupemail=amitjain2016@gmail.com}]]>
              </value>
            </param>
          </params>
          <reporter-output>
            <line>
              <![CDATA[Wed_Jun_05_10_49_35_AEST_2019.jpg]]>
            </line>
            <line>
              <![CDATA[<a href=Wed_Jun_05_10_49_35_AEST_2019.jpg>Screenshot</a>]]>
            </line>
            <line>
              <![CDATA[<br>]]>
            </line>
            <line>
              <![CDATA[<a target="_blank" href=Wed_Jun_05_10_49_35_AEST_2019.jpg><img src=Wed_Jun_05_10_49_35_AEST_2019.jpg height=200 width=200></img></a>]]>
            </line>
          </reporter-output>
        </test-method> <!-- signUpTest -->
      </class> <!-- com.liveproj.testcases.SignUpTest -->
    </test> <!-- SignUp Test -->
  </suite> <!-- Page Object Model -->
</testng-results>
