<?xml version="1.0" encoding="UTF-8"?>
<testng-results ignored="0" total="2" passed="2" failed="0" skipped="0">
  <reporter-output>
    <line>
      <![CDATA[Wed_Jun_12_13_28_26_AEST_2019.jpg]]>
    </line>
    <line>
      <![CDATA[<a href=Wed_Jun_12_13_28_26_AEST_2019.jpg>Screenshot</a>]]>
    </line>
    <line>
      <![CDATA[<br>]]>
    </line>
    <line>
      <![CDATA[<a target="_blank" href=Wed_Jun_12_13_28_26_AEST_2019.jpg><img src=Wed_Jun_12_13_28_26_AEST_2019.jpg height=200 width=200></img></a>]]>
    </line>
    <line>
      <![CDATA[Wed_Jun_12_13_28_44_AEST_2019.jpg]]>
    </line>
    <line>
      <![CDATA[<a href=Wed_Jun_12_13_28_44_AEST_2019.jpg>Screenshot</a>]]>
    </line>
    <line>
      <![CDATA[<br>]]>
    </line>
    <line>
      <![CDATA[<a target="_blank" href=Wed_Jun_12_13_28_44_AEST_2019.jpg><img src=Wed_Jun_12_13_28_44_AEST_2019.jpg height=200 width=200></img></a>]]>
    </line>
  </reporter-output>
  <suite started-at="2019-06-12T03:28:20Z" name="Page Object Model" finished-at="2019-06-12T03:28:47Z" duration-ms="26676">
    <groups>
    </groups>
    <test started-at="2019-06-12T03:28:20Z" name="Login Test" finished-at="2019-06-12T03:28:29Z" duration-ms="8930">
      <class name="com.liveproj.testcases.LoginTest">
        <test-method signature="loginTest(java.util.Hashtable)[pri:0, instance:com.liveproj.testcases.LoginTest@6e0cff20]" started-at="2019-06-12T03:28:20Z" name="loginTest" data-provider="dp" finished-at="2019-06-12T03:28:23Z" duration-ms="2799" status="PASS">
          <params>
            <param index="0">
              <value>
                <![CDATA[{password=96gqee2022, runmode=Y, username=reportrecipient2019@gmail.com}]]>
              </value>
            </param>
          </params>
          <reporter-output>
            <line>
              <![CDATA[Wed_Jun_12_13_28_26_AEST_2019.jpg]]>
            </line>
            <line>
              <![CDATA[<a href=Wed_Jun_12_13_28_26_AEST_2019.jpg>Screenshot</a>]]>
            </line>
            <line>
              <![CDATA[<br>]]>
            </line>
            <line>
              <![CDATA[<a target="_blank" href=Wed_Jun_12_13_28_26_AEST_2019.jpg><img src=Wed_Jun_12_13_28_26_AEST_2019.jpg height=200 width=200></img></a>]]>
            </line>
          </reporter-output>
        </test-method> <!-- loginTest -->
      </class> <!-- com.liveproj.testcases.LoginTest -->
    </test> <!-- Login Test -->
    <test started-at="2019-06-12T03:28:29Z" name="Create Account Test" finished-at="2019-06-12T03:28:47Z" duration-ms="17691">
      <class name="com.liveproj.testcases.CreateAccountTest">
        <test-method signature="createAccountTest(java.util.Hashtable)[pri:0, instance:com.liveproj.testcases.CreateAccountTest@bc4d5e1]" started-at="2019-06-12T03:28:29Z" name="createAccountTest" data-provider="dp" finished-at="2019-06-12T03:28:43Z" duration-ms="14113" status="PASS">
          <params>
            <param index="0">
              <value>
                <![CDATA[{accountname=selenium, runmode=Y}]]>
              </value>
            </param>
          </params>
          <reporter-output>
            <line>
              <![CDATA[Wed_Jun_12_13_28_44_AEST_2019.jpg]]>
            </line>
            <line>
              <![CDATA[<a href=Wed_Jun_12_13_28_44_AEST_2019.jpg>Screenshot</a>]]>
            </line>
            <line>
              <![CDATA[<br>]]>
            </line>
            <line>
              <![CDATA[<a target="_blank" href=Wed_Jun_12_13_28_44_AEST_2019.jpg><img src=Wed_Jun_12_13_28_44_AEST_2019.jpg height=200 width=200></img></a>]]>
            </line>
          </reporter-output>
        </test-method> <!-- createAccountTest -->
      </class> <!-- com.liveproj.testcases.CreateAccountTest -->
    </test> <!-- Create Account Test -->
    <test started-at="2019-06-12T03:28:47Z" name="Logout Test" finished-at="2019-06-12T03:28:47Z" duration-ms="4">
    </test> <!-- Logout Test -->
  </suite> <!-- Page Object Model -->
</testng-results>
